[ 2024-03-17 16:09:09,950 ] 46 root - INFO - Read train and test data completed
[ 2024-03-17 16:09:09,951 ] 47 root - INFO - Obtaining preprocessing object
[ 2024-03-17 16:09:09,951 ] 33 root - INFO - Categorical columns: ['gender', 'incident_type', 'collision_type', 'incident_severity', 'incident_city', 'incident_hour_of_the_day', 'police_report_available', 'auto_make', 'auto_model', 'auto_year']
[ 2024-03-17 16:09:09,951 ] 34 root - INFO - Numerical columns: ['age', 'number_of_vehicles_involved', 'witnesses', 'vehicle_claim']
[ 2024-03-17 16:09:09,956 ] 54 root - INFO - Applying preprocessing object on training dataframe and testing dataframe.
[ 2024-03-17 16:09:09,979 ] 11 root - ERROR - Custom exception occurred: Error occured in python script name [<stdin>] line number [57] error message[all the input arrays must have same number of dimensions, but the array at index 0 has 1 dimension(s) and the array at index 1 has 2 dimension(s)]
[ 2024-03-17 16:09:23,980 ] 33 root - INFO - Categorical columns: ['gender', 'incident_type', 'collision_type', 'incident_severity', 'incident_city', 'incident_hour_of_the_day', 'police_report_available', 'auto_make', 'auto_model', 'auto_year']
[ 2024-03-17 16:09:23,981 ] 34 root - INFO - Numerical columns: ['age', 'number_of_vehicles_involved', 'witnesses', 'vehicle_claim']
[ 2024-03-17 16:37:45,507 ] 46 root - INFO - Read train and test data completed
[ 2024-03-17 16:37:45,507 ] 47 root - INFO - Obtaining preprocessing object
[ 2024-03-17 16:37:45,508 ] 33 root - INFO - Categorical columns: ['gender', 'incident_type', 'collision_type', 'incident_severity', 'incident_city', 'incident_hour_of_the_day', 'police_report_available', 'auto_make', 'auto_model', 'auto_year']
[ 2024-03-17 16:37:45,508 ] 34 root - INFO - Numerical columns: ['age', 'number_of_vehicles_involved', 'witnesses', 'vehicle_claim']
[ 2024-03-17 16:37:45,513 ] 54 root - INFO - Applying preprocessing object on training dataframe and testing dataframe.
[ 2024-03-17 16:37:45,545 ] 11 root - ERROR - Custom exception occurred: Error occured in python script name [<stdin>] line number [57] error message[all the input arrays must have same number of dimensions, but the array at index 0 has 1 dimension(s) and the array at index 1 has 2 dimension(s)]
[ 2024-03-17 16:52:03,828 ] 46 root - INFO - Read train and test data completed
[ 2024-03-17 16:52:03,828 ] 47 root - INFO - Obtaining preprocessing object
[ 2024-03-17 16:52:03,828 ] 33 root - INFO - Categorical columns: ['gender', 'incident_type', 'collision_type', 'incident_severity', 'incident_city', 'incident_hour_of_the_day', 'police_report_available', 'auto_make', 'auto_model', 'auto_year']
[ 2024-03-17 16:52:03,828 ] 34 root - INFO - Numerical columns: ['age', 'number_of_vehicles_involved', 'witnesses', 'vehicle_claim']
[ 2024-03-17 16:52:03,828 ] 54 root - INFO - Applying preprocessing object on training dataframe and testing dataframe.
[ 2024-03-17 16:52:03,858 ] 11 root - ERROR - Custom exception occurred: Error occured in python script name [<stdin>] line number [57] error message[all the input arrays must have same number of dimensions, but the array at index 0 has 1 dimension(s) and the array at index 1 has 2 dimension(s)]
[ 2024-03-17 16:54:45,342 ] 46 root - INFO - Read train and test data completed
[ 2024-03-17 16:54:45,342 ] 47 root - INFO - Obtaining preprocessing object
[ 2024-03-17 16:54:45,342 ] 33 root - INFO - Categorical columns: ['gender', 'incident_type', 'collision_type', 'incident_severity', 'incident_city', 'incident_hour_of_the_day', 'police_report_available', 'auto_make', 'auto_model', 'auto_year']
[ 2024-03-17 16:54:45,342 ] 34 root - INFO - Numerical columns: ['age', 'number_of_vehicles_involved', 'witnesses', 'vehicle_claim']
[ 2024-03-17 16:54:45,344 ] 54 root - INFO - Applying preprocessing object on training dataframe and testing dataframe.
[ 2024-03-17 16:54:45,372 ] 11 root - ERROR - Custom exception occurred: Error occured in python script name [<stdin>] line number [57] error message[all the input arrays must have same number of dimensions, but the array at index 0 has 1 dimension(s) and the array at index 1 has 2 dimension(s)]
[ 2024-03-17 17:08:13,308 ] 5 root - INFO - Entered the data ingestion method or component
[ 2024-03-17 17:08:13,318 ] 8 root - INFO - Read the dataset as dataframe
[ 2024-03-17 17:08:13,330 ] 11 root - INFO - Train test split initiated
[ 2024-03-17 17:08:13,345 ] 15 root - INFO - Ingestion of the data is completed
[ 2024-03-17 17:08:13,378 ] 67 root - INFO - Read train and test data completed
[ 2024-03-17 17:08:13,378 ] 68 root - INFO - Obtaining preprocessing object
[ 2024-03-17 17:08:13,378 ] 53 root - INFO - Categorical columns: ['gender', 'incident_type', 'collision_type', 'incident_severity', 'incident_city', 'incident_hour_of_the_day', 'police_report_available', 'auto_make', 'auto_model', 'auto_year']
[ 2024-03-17 17:08:13,378 ] 54 root - INFO - Numerical columns: ['age', 'number_of_vehicles_involved', 'witnesses', 'vehicle_claim']
[ 2024-03-17 17:08:13,378 ] 75 root - INFO - Applying preprocessing object on training dataframe and testing dataframe.
[ 2024-03-17 17:10:30,191 ] 46 root - INFO - Read train and test data completed
[ 2024-03-17 17:10:30,191 ] 47 root - INFO - Obtaining preprocessing object
[ 2024-03-17 17:10:30,191 ] 33 root - INFO - Categorical columns: ['gender', 'incident_type', 'collision_type', 'incident_severity', 'incident_city', 'incident_hour_of_the_day', 'police_report_available', 'auto_make', 'auto_model', 'auto_year']
[ 2024-03-17 17:10:30,191 ] 34 root - INFO - Numerical columns: ['age', 'number_of_vehicles_involved', 'witnesses', 'vehicle_claim']
[ 2024-03-17 17:10:30,194 ] 54 root - INFO - Applying preprocessing object on training dataframe and testing dataframe.
[ 2024-03-17 18:05:09,963 ] 5 root - INFO - Entered the data ingestion method or component
[ 2024-03-17 18:05:09,983 ] 8 root - INFO - Read the dataset as dataframe
[ 2024-03-17 18:05:09,985 ] 11 root - INFO - Train test split initiated
[ 2024-03-17 18:05:10,000 ] 15 root - INFO - Ingestion of the data is completed
[ 2024-03-17 18:05:10,012 ] 67 root - INFO - Read train and test data completed
[ 2024-03-17 18:05:10,024 ] 68 root - INFO - Obtaining preprocessing object
[ 2024-03-17 18:05:10,024 ] 53 root - INFO - Categorical columns: ['gender', 'incident_type', 'collision_type', 'incident_severity', 'incident_city', 'incident_hour_of_the_day', 'police_report_available', 'auto_make', 'auto_model', 'auto_year']
[ 2024-03-17 18:05:10,024 ] 54 root - INFO - Numerical columns: ['age', 'number_of_vehicles_involved', 'witnesses', 'vehicle_claim']
[ 2024-03-17 18:05:10,026 ] 75 root - INFO - Applying preprocessing object on training dataframe and testing dataframe.
[ 2024-03-17 18:05:38,594 ] 46 root - INFO - Read train and test data completed
[ 2024-03-17 18:05:38,595 ] 47 root - INFO - Obtaining preprocessing object
[ 2024-03-17 18:05:38,595 ] 33 root - INFO - Categorical columns: ['gender', 'incident_type', 'collision_type', 'incident_severity', 'incident_city', 'incident_hour_of_the_day', 'police_report_available', 'auto_make', 'auto_model', 'auto_year']
[ 2024-03-17 18:05:38,595 ] 34 root - INFO - Numerical columns: ['age', 'number_of_vehicles_involved', 'witnesses', 'vehicle_claim']
[ 2024-03-17 18:05:38,596 ] 54 root - INFO - Applying preprocessing object on training dataframe and testing dataframe.
