[ 2024-03-17 22:33:39,957 ] 160 numexpr.utils - INFO - NumExpr defaulting to 4 threads.
[ 2024-03-17 22:36:39,196 ] 5 root - INFO - Entered the data ingestion method or component
[ 2024-03-17 22:36:39,215 ] 8 root - INFO - Read the dataset as dataframe
[ 2024-03-17 22:36:39,228 ] 11 root - INFO - Train test split initiated
[ 2024-03-17 22:36:39,243 ] 15 root - INFO - Inmgestion of the data iss completed
[ 2024-03-17 22:36:39,262 ] 91 root - INFO - Read train and test data completed
[ 2024-03-17 22:36:39,262 ] 93 root - INFO - Obtaining preprocessing object
[ 2024-03-17 22:36:39,262 ] 67 root - INFO - Categorical columns: ['gender', 'incident_type', 'collision_type', 'incident_severity', 'incident_city', 'incident_hour_of_the_day', 'police_report_available', 'auto_make', 'auto_model', 'auto_year']
[ 2024-03-17 22:36:39,262 ] 68 root - INFO - Numerical columns: ['age', 'number_of_vehicles_involved', 'witnesses', 'vehicle_claim']
[ 2024-03-17 22:36:39,262 ] 109 root - INFO - Applying preprocessing object on training dataframe and testing dataframe.
[ 2024-03-17 22:41:50,286 ] 5 root - INFO - Entered the data ingestion method or component
[ 2024-03-17 22:41:50,290 ] 8 root - INFO - Read the dataset as dataframe
[ 2024-03-17 22:41:50,300 ] 11 root - INFO - Train test split initiated
[ 2024-03-17 22:41:50,308 ] 15 root - INFO - Inmgestion of the data iss completed
[ 2024-03-17 22:50:37,319 ] 5 root - INFO - Entered the data ingestion method or component
[ 2024-03-17 22:50:37,323 ] 8 root - INFO - Read the dataset as dataframe
[ 2024-03-17 22:50:37,330 ] 11 root - INFO - Train test split initiated
[ 2024-03-17 22:50:37,341 ] 15 root - INFO - Inmgestion of the data iss completed
[ 2024-03-17 22:50:37,366 ] 91 root - INFO - Read train and test data completed
[ 2024-03-17 22:50:37,367 ] 93 root - INFO - Obtaining preprocessing object
[ 2024-03-17 22:50:37,368 ] 67 root - INFO - Categorical columns: ['gender', 'incident_type', 'collision_type', 'incident_severity', 'incident_city', 'incident_hour_of_the_day', 'police_report_available', 'auto_make', 'auto_model', 'auto_year']
[ 2024-03-17 22:50:37,368 ] 68 root - INFO - Numerical columns: ['age', 'number_of_vehicles_involved', 'witnesses', 'vehicle_claim']
[ 2024-03-17 22:50:37,369 ] 109 root - INFO - Applying preprocessing object on training dataframe and testing dataframe.
[ 2024-03-17 22:51:58,802 ] 5 root - INFO - Entered the data ingestion method or component
[ 2024-03-17 22:51:58,809 ] 8 root - INFO - Read the dataset as dataframe
[ 2024-03-17 22:51:58,818 ] 11 root - INFO - Train test split initiated
[ 2024-03-17 22:51:58,831 ] 15 root - INFO - Inmgestion of the data iss completed
[ 2024-03-17 22:51:58,882 ] 91 root - INFO - Read train and test data completed
[ 2024-03-17 22:51:58,882 ] 93 root - INFO - Obtaining preprocessing object
[ 2024-03-17 22:51:58,882 ] 67 root - INFO - Categorical columns: ['gender', 'incident_type', 'collision_type', 'incident_severity', 'incident_city', 'incident_hour_of_the_day', 'police_report_available', 'auto_make', 'auto_model', 'auto_year']
[ 2024-03-17 22:51:58,882 ] 68 root - INFO - Numerical columns: ['age', 'number_of_vehicles_involved', 'witnesses', 'vehicle_claim']
[ 2024-03-17 22:51:58,882 ] 109 root - INFO - Applying preprocessing object on training dataframe and testing dataframe.
