[ 2024-03-17 23:09:47,447 ] 160 numexpr.utils - INFO - NumExpr defaulting to 4 threads.
[ 2024-03-17 23:10:10,511 ] 5 root - INFO - Entered the data ingestion method or component
[ 2024-03-17 23:10:10,547 ] 8 root - INFO - Read the dataset as dataframe
[ 2024-03-17 23:10:10,562 ] 11 root - INFO - Train test split initiated
[ 2024-03-17 23:10:10,575 ] 15 root - INFO - Inmgestion of the data iss completed
[ 2024-03-17 23:10:10,605 ] 91 root - INFO - Read train and test data completed
[ 2024-03-17 23:10:10,605 ] 93 root - INFO - Obtaining preprocessing object
[ 2024-03-17 23:10:10,605 ] 67 root - INFO - Categorical columns: ['gender', 'incident_type', 'collision_type', 'incident_severity', 'incident_city', 'incident_hour_of_the_day', 'police_report_available', 'auto_make', 'auto_model', 'auto_year']
[ 2024-03-17 23:10:10,606 ] 68 root - INFO - Numerical columns: ['age', 'number_of_vehicles_involved', 'witnesses', 'vehicle_claim']
[ 2024-03-17 23:11:40,645 ] 5 root - INFO - Entered the data ingestion method or component
[ 2024-03-17 23:11:40,651 ] 8 root - INFO - Read the dataset as dataframe
[ 2024-03-17 23:11:40,663 ] 11 root - INFO - Train test split initiated
[ 2024-03-17 23:11:40,676 ] 15 root - INFO - Inmgestion of the data iss completed
[ 2024-03-17 23:11:40,708 ] 91 root - INFO - Read train and test data completed
[ 2024-03-17 23:11:40,708 ] 93 root - INFO - Obtaining preprocessing object
[ 2024-03-17 23:11:40,708 ] 67 root - INFO - Categorical columns: ['gender', 'incident_type', 'collision_type', 'incident_severity', 'incident_city', 'incident_hour_of_the_day', 'police_report_available', 'auto_make', 'auto_model', 'auto_year']
[ 2024-03-17 23:11:40,708 ] 68 root - INFO - Numerical columns: ['age', 'number_of_vehicles_involved', 'witnesses', 'vehicle_claim']
[ 2024-03-17 23:13:29,745 ] 5 root - INFO - Entered the data ingestion method or component
[ 2024-03-17 23:13:29,748 ] 8 root - INFO - Read the dataset as dataframe
[ 2024-03-17 23:13:29,756 ] 11 root - INFO - Train test split initiated
[ 2024-03-17 23:13:29,766 ] 15 root - INFO - Inmgestion of the data iss completed
[ 2024-03-17 23:13:29,793 ] 91 root - INFO - Read train and test data completed
[ 2024-03-17 23:13:29,793 ] 93 root - INFO - Obtaining preprocessing object
[ 2024-03-17 23:13:29,793 ] 67 root - INFO - Categorical columns: ['gender', 'incident_type', 'collision_type', 'incident_severity', 'incident_city', 'incident_hour_of_the_day', 'police_report_available', 'auto_make', 'auto_model', 'auto_year']
[ 2024-03-17 23:13:29,793 ] 68 root - INFO - Numerical columns: ['age', 'number_of_vehicles_involved', 'witnesses', 'vehicle_claim']
[ 2024-03-17 23:15:00,124 ] 5 root - INFO - Entered the data ingestion method or component
[ 2024-03-17 23:15:00,129 ] 8 root - INFO - Read the dataset as dataframe
[ 2024-03-17 23:15:00,135 ] 11 root - INFO - Train test split initiated
[ 2024-03-17 23:15:00,147 ] 15 root - INFO - Inmgestion of the data iss completed
[ 2024-03-17 23:15:00,170 ] 91 root - INFO - Read train and test data completed
[ 2024-03-17 23:15:00,170 ] 93 root - INFO - Obtaining preprocessing object
[ 2024-03-17 23:15:00,170 ] 67 root - INFO - Categorical columns: ['gender', 'incident_type', 'collision_type', 'incident_severity', 'incident_city', 'incident_hour_of_the_day', 'police_report_available', 'auto_make', 'auto_model', 'auto_year']
[ 2024-03-17 23:15:00,171 ] 68 root - INFO - Numerical columns: ['age', 'number_of_vehicles_involved', 'witnesses', 'vehicle_claim']
[ 2024-03-17 23:16:09,430 ] 5 root - INFO - Entered the data ingestion method or component
[ 2024-03-17 23:16:09,432 ] 8 root - INFO - Read the dataset as dataframe
[ 2024-03-17 23:16:09,437 ] 11 root - INFO - Train test split initiated
[ 2024-03-17 23:16:09,445 ] 15 root - INFO - Inmgestion of the data iss completed
[ 2024-03-17 23:16:09,462 ] 91 root - INFO - Read train and test data completed
[ 2024-03-17 23:16:09,462 ] 93 root - INFO - Obtaining preprocessing object
[ 2024-03-17 23:16:09,462 ] 67 root - INFO - Categorical columns: ['gender', 'incident_type', 'collision_type', 'incident_severity', 'incident_city', 'incident_hour_of_the_day', 'police_report_available', 'auto_make', 'auto_model', 'auto_year']
[ 2024-03-17 23:16:09,462 ] 68 root - INFO - Numerical columns: ['age', 'number_of_vehicles_involved', 'witnesses', 'vehicle_claim']
[ 2024-03-17 23:25:40,554 ] 5 root - INFO - Entered the data ingestion method or component
[ 2024-03-17 23:25:40,562 ] 8 root - INFO - Read the dataset as dataframe
[ 2024-03-17 23:25:40,578 ] 11 root - INFO - Train test split initiated
[ 2024-03-17 23:25:40,609 ] 15 root - INFO - Inmgestion of the data iss completed
[ 2024-03-17 23:25:40,659 ] 91 root - INFO - Read train and test data completed
[ 2024-03-17 23:25:40,659 ] 93 root - INFO - Obtaining preprocessing object
[ 2024-03-17 23:25:40,659 ] 67 root - INFO - Categorical columns: ['gender', 'incident_type', 'collision_type', 'incident_severity', 'incident_city', 'incident_hour_of_the_day', 'police_report_available', 'auto_make', 'auto_model', 'auto_year']
[ 2024-03-17 23:25:40,659 ] 68 root - INFO - Numerical columns: ['age', 'number_of_vehicles_involved', 'witnesses', 'vehicle_claim']
[ 2024-03-17 23:25:40,664 ] 109 root - INFO - Applying preprocessing object on training dataframe and testing dataframe.
[ 2024-03-17 23:27:50,718 ] 5 root - INFO - Entered the data ingestion method or component
[ 2024-03-17 23:27:50,724 ] 8 root - INFO - Read the dataset as dataframe
[ 2024-03-17 23:27:50,734 ] 11 root - INFO - Train test split initiated
[ 2024-03-17 23:27:50,748 ] 15 root - INFO - Inmgestion of the data iss completed
[ 2024-03-17 23:27:50,777 ] 91 root - INFO - Read train and test data completed
[ 2024-03-17 23:27:50,777 ] 93 root - INFO - Obtaining preprocessing object
[ 2024-03-17 23:27:50,777 ] 67 root - INFO - Categorical columns: ['gender', 'incident_type', 'collision_type', 'incident_severity', 'incident_city', 'incident_hour_of_the_day', 'police_report_available', 'auto_make', 'auto_model', 'auto_year']
[ 2024-03-17 23:27:50,777 ] 68 root - INFO - Numerical columns: ['age', 'number_of_vehicles_involved', 'witnesses', 'vehicle_claim']
[ 2024-03-17 23:27:50,777 ] 109 root - INFO - Applying preprocessing object on training dataframe and testing dataframe.
[ 2024-03-17 23:29:37,444 ] 5 root - INFO - Entered the data ingestion method or component
[ 2024-03-17 23:29:37,449 ] 8 root - INFO - Read the dataset as dataframe
[ 2024-03-17 23:29:37,456 ] 11 root - INFO - Train test split initiated
[ 2024-03-17 23:29:37,467 ] 15 root - INFO - Inmgestion of the data iss completed
[ 2024-03-17 23:29:37,496 ] 91 root - INFO - Read train and test data completed
[ 2024-03-17 23:29:37,496 ] 93 root - INFO - Obtaining preprocessing object
[ 2024-03-17 23:29:37,496 ] 67 root - INFO - Categorical columns: ['gender', 'incident_type', 'collision_type', 'incident_severity', 'incident_city', 'incident_hour_of_the_day', 'police_report_available', 'auto_make', 'auto_model', 'auto_year']
[ 2024-03-17 23:29:37,496 ] 68 root - INFO - Numerical columns: ['age', 'number_of_vehicles_involved', 'witnesses', 'vehicle_claim']
[ 2024-03-17 23:29:37,496 ] 109 root - INFO - Applying preprocessing object on training dataframe and testing dataframe.
[ 2024-03-17 23:32:28,165 ] 5 root - INFO - Entered the data ingestion method or component
[ 2024-03-17 23:32:28,169 ] 8 root - INFO - Read the dataset as dataframe
[ 2024-03-17 23:32:28,184 ] 11 root - INFO - Train test split initiated
[ 2024-03-17 23:32:28,197 ] 15 root - INFO - Inmgestion of the data iss completed
[ 2024-03-17 23:32:28,215 ] 91 root - INFO - Read train and test data completed
[ 2024-03-17 23:32:28,215 ] 93 root - INFO - Obtaining preprocessing object
[ 2024-03-17 23:32:28,215 ] 67 root - INFO - Categorical columns: ['gender', 'incident_type', 'collision_type', 'incident_severity', 'incident_city', 'incident_hour_of_the_day', 'police_report_available', 'auto_make', 'auto_model', 'auto_year']
[ 2024-03-17 23:32:28,215 ] 68 root - INFO - Numerical columns: ['age', 'number_of_vehicles_involved', 'witnesses', 'vehicle_claim']
[ 2024-03-17 23:32:28,224 ] 109 root - INFO - Applying preprocessing object on training dataframe and testing dataframe.
