[ 2024-03-17 19:56:08,381 ] 160 numexpr.utils - INFO - NumExpr defaulting to 4 threads.
[ 2024-03-17 19:59:07,956 ] 5 root - INFO - Entered the data ingestion method or component
[ 2024-03-17 19:59:07,990 ] 8 root - INFO - Read the dataset as dataframe
[ 2024-03-17 19:59:08,007 ] 11 root - INFO - Train test split initiated
[ 2024-03-17 19:59:08,028 ] 15 root - INFO - Inmgestion of the data iss completed
[ 2024-03-17 19:59:08,061 ] 91 root - INFO - Read train and test data completed
[ 2024-03-17 19:59:08,061 ] 93 root - INFO - Obtaining preprocessing object
[ 2024-03-17 19:59:08,062 ] 67 root - INFO - Categorical columns: ['gender', 'incident_type', 'collision_type', 'incident_severity', 'incident_city', 'incident_hour_of_the_day', 'police_report_available', 'auto_make', 'auto_model', 'auto_year']
[ 2024-03-17 19:59:08,062 ] 68 root - INFO - Numerical columns: ['age', 'number_of_vehicles_involved', 'witnesses', 'vehicle_claim']
[ 2024-03-17 19:59:08,066 ] 109 root - INFO - Applying preprocessing object on training dataframe and testing dataframe.
[ 2024-03-17 20:00:03,727 ] 5 root - INFO - Entered the data ingestion method or component
[ 2024-03-17 20:00:03,731 ] 8 root - INFO - Read the dataset as dataframe
[ 2024-03-17 20:00:03,746 ] 11 root - INFO - Train test split initiated
[ 2024-03-17 20:00:03,762 ] 15 root - INFO - Ingestion of the data is completed
[ 2024-03-17 20:00:03,791 ] 91 root - INFO - Read train and test data completed
[ 2024-03-17 20:00:03,791 ] 93 root - INFO - Obtaining preprocessing object
[ 2024-03-17 20:00:03,791 ] 67 root - INFO - Categorical columns: ['gender', 'incident_type', 'collision_type', 'incident_severity', 'incident_city', 'incident_hour_of_the_day', 'police_report_available', 'auto_make', 'auto_model', 'auto_year']
[ 2024-03-17 20:00:03,791 ] 68 root - INFO - Numerical columns: ['age', 'number_of_vehicles_involved', 'witnesses', 'vehicle_claim']
[ 2024-03-17 20:00:03,794 ] 109 root - INFO - Applying preprocessing object on training dataframe and testing dataframe.
[ 2024-03-17 20:00:40,208 ] 5 root - INFO - Entered the data ingestion method or component
[ 2024-03-17 20:00:40,214 ] 8 root - INFO - Read the dataset as dataframe
[ 2024-03-17 20:00:40,223 ] 11 root - INFO - Train test split initiated
[ 2024-03-17 20:00:40,235 ] 15 root - INFO - Inmgestion of the data iss completed
[ 2024-03-17 20:00:40,262 ] 91 root - INFO - Read train and test data completed
[ 2024-03-17 20:00:40,268 ] 93 root - INFO - Obtaining preprocessing object
[ 2024-03-17 20:00:40,268 ] 67 root - INFO - Categorical columns: ['gender', 'incident_type', 'collision_type', 'incident_severity', 'incident_city', 'incident_hour_of_the_day', 'police_report_available', 'auto_make', 'auto_model', 'auto_year']
[ 2024-03-17 20:00:40,270 ] 68 root - INFO - Numerical columns: ['age', 'number_of_vehicles_involved', 'witnesses', 'vehicle_claim']
[ 2024-03-17 20:00:40,274 ] 109 root - INFO - Applying preprocessing object on training dataframe and testing dataframe.
